Starting extended training with 10,000 episodes...
DQNAgent initialized: state_size=5, action_size=5
Hyperparameters: gamma=0.99, lr=0.0005, update_every=4
Initializing QNetwork: state_size=5, action_size=5
Initializing QNetwork: state_size=5, action_size=5
ReplayBuffer initialized: size=100000, batch=64
Cafe recommendation model loaded successfully!

================================================================================
DETAILED CUSTOMER JOURNEY ANALYSIS
================================================================================

High-Loyalty Customer Journey:
Step | Action | Accepted | Revenue | Loyalty | Recency
-------------------------------------------------------
   0 |      3 | True     |   40.18 |    0.46 |       0
   1 |      2 | True     |   48.22 |    0.52 |       0
   2 |      2 | True     |   46.44 |    0.58 |       0
   3 |      2 | True     |   47.04 |    0.64 |       0
   4 |      0 | False    |    0.00 |    0.62 |       1
   5 |      2 | True     |   49.44 |    0.68 |       0
   6 |      0 | False    |    0.00 |    0.66 |       1
   7 |      2 | False    |    0.00 |    0.64 |       2
   8 |      2 | True     |   49.64 |    0.70 |       0
   9 |      0 | True     |   63.59 |    0.76 |       0
  10 |      0 | False    |    0.00 |    0.74 |       1
  11 |      2 | False    |    0.00 |    0.72 |       2
-------------------------------------------------------
Total Revenue: $344.53
Final Loyalty: 0.72
Customer Type: LOYAL

Low-Loyalty Customer Journey:
Step | Action | Accepted | Revenue | Loyalty | Recency
-------------------------------------------------------
   0 |      3 | True     |   40.18 |    0.46 |       0
   1 |      2 | True     |   48.22 |    0.52 |       0
   2 |      2 | True     |   46.44 |    0.58 |       0
   3 |      2 | True     |   47.04 |    0.64 |       0
   4 |      0 | False    |    0.00 |    0.62 |       1
   5 |      2 | True     |   49.44 |    0.68 |       0
   6 |      0 | False    |    0.00 |    0.66 |       1
   7 |      2 | False    |    0.00 |    0.64 |       2
   8 |      2 | True     |   49.64 |    0.70 |       0
   9 |      0 | True     |   63.59 |    0.76 |       0
  10 |      0 | False    |    0.00 |    0.74 |       1
  11 |      2 | False    |    0.00 |    0.72 |       2
-------------------------------------------------------
Total Revenue: $344.53
Final Loyalty: 0.72
Customer Type: LOYAL

Medium-Loyalty Customer Journey:
Step | Action | Accepted | Revenue | Loyalty | Recency
-------------------------------------------------------
   0 |      3 | True     |   40.18 |    0.46 |       0
   1 |      2 | True     |   48.22 |    0.52 |       0
   2 |      2 | True     |   46.44 |    0.58 |       0
   3 |      2 | True     |   47.04 |    0.64 |       0
   4 |      0 | False    |    0.00 |    0.62 |       1
   5 |      2 | True     |   49.44 |    0.68 |       0
   6 |      0 | False    |    0.00 |    0.66 |       1
   7 |      2 | False    |    0.00 |    0.64 |       2
   8 |      2 | True     |   49.64 |    0.70 |       0
   9 |      0 | True     |   63.59 |    0.76 |       0
  10 |      0 | False    |    0.00 |    0.74 |       1
  11 |      2 | False    |    0.00 |    0.72 |       2
-------------------------------------------------------
Total Revenue: $344.53
Final Loyalty: 0.72
Customer Type: LOYAL

Analyzing cafe system performance on 10000 customers...
Loyalty threshold: 0.5

ANALYSIS PLOTS SAVED AS: cafe_system_analysis.png

================================================================================
COMPREHENSIVE SYSTEM ANALYSIS
================================================================================

BASIC STATISTICS:
Total customers analyzed: 10000
Total revenue generated: $3430928.08
Average revenue per customer: $343.09

CUSTOMER CLASSIFICATION:
Loyal customers (loyalty > 0.5): 6605 (66.0%)
Not loyal customers: 3395 (34.0%)

REVENUE BY CUSTOMER TYPE:
Average revenue - Loyal customers: $407.56
Average revenue - Not loyal customers: $217.68
Revenue gap: $189.88

OFFER USAGE ANALYSIS:
No Offer    : 16140 uses | 7936 accepted |  49.2% rate
5% Disc     :  256 uses |  91 accepted |  35.5% rate
10% Disc    : 92276 uses | 47605 accepted |  51.6% rate
BOGO        : 8745 uses | 4978 accepted |  56.9% rate
Premium     : 2583 uses | 1358 accepted |  52.6% rate

CAFE BUSINESS INSIGHTS:
Average monthly spending per customer: $343.09
Average daily spending per customer: $28.59
Potential monthly revenue from 10000 customers: $3430928.08
Revenue per loyal customer: $407.56
Revenue per not loyal customer: $217.68
All analysis completed!
