Starting extended training with 10,000 episodes...
DQNAgent initialized: state_size=5, action_size=5
Hyperparameters: gamma=0.99, lr=0.0005, update_every=4
Initializing QNetwork: state_size=5, action_size=5
Initializing QNetwork: state_size=5, action_size=5
ReplayBuffer initialized: size=100000, batch=64
Cafe recommendation model loaded successfully!

================================================================================
DETAILED CUSTOMER JOURNEY ANALYSIS
================================================================================

High-Loyalty Customer Journey:
Step | Action | Accepted | Revenue | Loyalty | Recency
-------------------------------------------------------
   0 |      3 | True     |   20.09 |    0.46 |       0
   1 |      2 | True     |   24.11 |    0.52 |       0
   2 |      2 | True     |   22.33 |    0.58 |       0
   3 |      4 | True     |   21.71 |    0.64 |       0
   4 |      4 | False    |    0.00 |    0.62 |       1
   5 |      2 | True     |   25.33 |    0.68 |       0
   6 |      4 | False    |    0.00 |    0.66 |       1
   7 |      4 | False    |    0.00 |    0.64 |       2
   8 |      2 | True     |   25.53 |    0.70 |       0
   9 |      4 | True     |   34.91 |    0.76 |       0
  10 |      4 | False    |    0.00 |    0.74 |       1
  11 |      4 | False    |    0.00 |    0.72 |       2
-------------------------------------------------------
Total Revenue: $174.01
Final Loyalty: 0.72
Customer Type: LOYAL

Low-Loyalty Customer Journey:
Step | Action | Accepted | Revenue | Loyalty | Recency
-------------------------------------------------------
   0 |      3 | True     |   20.09 |    0.46 |       0
   1 |      2 | True     |   24.11 |    0.52 |       0
   2 |      2 | True     |   22.33 |    0.58 |       0
   3 |      4 | True     |   21.71 |    0.64 |       0
   4 |      4 | False    |    0.00 |    0.62 |       1
   5 |      2 | True     |   25.33 |    0.68 |       0
   6 |      4 | False    |    0.00 |    0.66 |       1
   7 |      4 | False    |    0.00 |    0.64 |       2
   8 |      2 | True     |   25.53 |    0.70 |       0
   9 |      4 | True     |   34.91 |    0.76 |       0
  10 |      4 | False    |    0.00 |    0.74 |       1
  11 |      4 | False    |    0.00 |    0.72 |       2
-------------------------------------------------------
Total Revenue: $174.01
Final Loyalty: 0.72
Customer Type: LOYAL

Medium-Loyalty Customer Journey:
Step | Action | Accepted | Revenue | Loyalty | Recency
-------------------------------------------------------
   0 |      3 | True     |   20.09 |    0.46 |       0
   1 |      2 | True     |   24.11 |    0.52 |       0
   2 |      2 | True     |   22.33 |    0.58 |       0
   3 |      4 | True     |   21.71 |    0.64 |       0
   4 |      4 | False    |    0.00 |    0.62 |       1
   5 |      2 | True     |   25.33 |    0.68 |       0
   6 |      4 | False    |    0.00 |    0.66 |       1
   7 |      4 | False    |    0.00 |    0.64 |       2
   8 |      2 | True     |   25.53 |    0.70 |       0
   9 |      4 | True     |   34.91 |    0.76 |       0
  10 |      4 | False    |    0.00 |    0.74 |       1
  11 |      4 | False    |    0.00 |    0.72 |       2
-------------------------------------------------------
Total Revenue: $174.01
Final Loyalty: 0.72
Customer Type: LOYAL

Analyzing cafe system performance on 10000 customers...
Loyalty threshold: 0.5

ANALYSIS PLOTS SAVED AS: cafe_system_analysis.png

================================================================================
COMPREHENSIVE SYSTEM ANALYSIS
================================================================================

BASIC STATISTICS:
Total customers analyzed: 10000
Total revenue generated: $1872644.14
Average revenue per customer: $187.26

CUSTOMER CLASSIFICATION:
Loyal customers (loyalty > 0.5): 7588 (75.9%)
Not loyal customers: 2412 (24.1%)

REVENUE BY CUSTOMER TYPE:
Average revenue - Loyal customers: $212.82
Average revenue - Not loyal customers: $106.88
Revenue gap: $105.94

OFFER USAGE ANALYSIS:
No Offer    :    0 uses |   0 accepted |   0.0% rate
5% Disc     :    0 uses |   0 accepted |   0.0% rate
10% Disc    : 55878 uses | 30464 accepted |  54.5% rate
BOGO        : 34497 uses | 20674 accepted |  59.9% rate
Premium     : 29625 uses | 17483 accepted |  59.0% rate

CAFE BUSINESS INSIGHTS:
Average monthly spending per customer: $187.26
Average daily spending per customer: $15.61
Potential monthly revenue from 10000 customers: $1872644.14
Revenue per loyal customer: $212.82
Revenue per not loyal customer: $106.88
All analysis completed!
