Starting extended training with 1,000 episodes...
Training completed. Running analysis...
DQNAgent initialized: state_size=5, action_size=5
Hyperparameters: gamma=0.99, lr=0.0005, update_every=4
Initializing QNetwork: state_size=5, action_size=5
Initializing QNetwork: state_size=5, action_size=5
ReplayBuffer initialized: size=100000, batch=64
Trained model 'dqn_customer_agent_final.pth' loaded successfully!

=== DETAILED SINGLE CUSTOMER ANALYSIS ===
Loyalty Threshold: 0.5
Initial State: Loyalty=0.40, Spend=$36.85
Customer Classification: NOT LOYAL

Step-by-step journey:
Step | Action | Accepted | Revenue | Loyalty | Recency | Category
----------------------------------------------------------------------
   0 |      1 | True     |   40.01 |    0.46 |       0 | NOT LOYAL
   1 |      1 | False    |    0.00 |    0.44 |       1 | NOT LOYAL
   2 |      1 | False    |    0.00 |    0.42 |       2 | NOT LOYAL
   3 |      1 | False    |    0.00 |    0.40 |       3 | NOT LOYAL
   4 |      1 | False    |    0.00 |    0.38 |       4 | NOT LOYAL
   5 |      1 | False    |    0.00 |    0.36 |       5 | NOT LOYAL
   6 |      1 | True     |   40.01 |    0.42 |       0 | NOT LOYAL
   7 |      1 | False    |    0.00 |    0.40 |       1 | NOT LOYAL
   8 |      1 | True     |   40.01 |    0.46 |       0 | NOT LOYAL
   9 |      1 | False    |    0.00 |    0.44 |       1 | NOT LOYAL
----------------------------------------------------------------------
Final State: Loyalty=0.44 (↑ 0.04)
Total Revenue: $120.02
Final Category: NOT LOYAL
Revenue per Interaction: $12.00

=== DETAILED CUSTOMER JOURNEY ANALYSIS ===
Loyalty Threshold: 0.5
All analysis completed!
