Starting extended training with 10,000 episodes...
Starting balanced DQN training with 10000 episodes...
Environment: state_size=5, action_size=5
DQNAgent initialized: state_size=5, action_size=5
Hyperparameters: gamma=0.98, lr=0.0005, update_every=4
Initializing QNetwork: state_size=5, action_size=5
Initializing QNetwork: state_size=5, action_size=5
ReplayBuffer initialized: size=100000, batch=64
Starting training loop...
Episode 500	Average Score (last 100): 369.97	Epsilon: 0.082
  Offer distribution: {0: 479, 1: 488, 2: 4123, 3: 462, 4: 448}
Episode 1000	Average Score (last 100): 338.79	Epsilon: 0.050
  Offer distribution: {0: 58, 1: 88, 2: 5711, 3: 78, 4: 65}
Episode 1500	Average Score (last 100): 364.39	Epsilon: 0.050
  Offer distribution: {0: 112, 1: 206, 2: 5553, 3: 57, 4: 72}
Episode 2000	Average Score (last 100): 384.23	Epsilon: 0.050
  Offer distribution: {0: 214, 1: 297, 2: 5379, 3: 58, 4: 52}
Episode 2500	Average Score (last 100): 287.22	Epsilon: 0.050
  Offer distribution: {0: 338, 1: 325, 2: 5200, 3: 64, 4: 73}
Episode 3000	Average Score (last 100): 310.37	Epsilon: 0.050
  Offer distribution: {0: 710, 1: 541, 2: 4631, 3: 55, 4: 63}
Episode 3500	Average Score (last 100): 338.35	Epsilon: 0.050
  Offer distribution: {0: 1049, 1: 354, 2: 4445, 3: 92, 4: 60}
Episode 4000	Average Score (last 100): 315.55	Epsilon: 0.050
  Offer distribution: {0: 311, 1: 969, 2: 4598, 3: 48, 4: 74}
Episode 4500	Average Score (last 100): 365.63	Epsilon: 0.050
  Offer distribution: {0: 505, 1: 831, 2: 4548, 3: 66, 4: 50}
Episode 5000	Average Score (last 100): 316.94	Epsilon: 0.050
  Offer distribution: {0: 1175, 1: 609, 2: 4086, 3: 63, 4: 67}
Episode 5500	Average Score (last 100): 341.26	Epsilon: 0.050
  Offer distribution: {0: 1082, 1: 733, 2: 4070, 3: 60, 4: 55}
Episode 6000	Average Score (last 100): 316.79	Epsilon: 0.050
  Offer distribution: {0: 563, 1: 381, 2: 4864, 3: 118, 4: 74}
Episode 6500	Average Score (last 100): 290.40	Epsilon: 0.050
  Offer distribution: {0: 1217, 1: 484, 2: 4190, 3: 50, 4: 59}
Episode 7000	Average Score (last 100): 330.06	Epsilon: 0.050
  Offer distribution: {0: 1355, 1: 384, 2: 4143, 3: 63, 4: 55}
Episode 7500	Average Score (last 100): 318.31	Epsilon: 0.050
  Offer distribution: {0: 1319, 1: 1209, 2: 3349, 3: 64, 4: 59}
Episode 8000	Average Score (last 100): 284.24	Epsilon: 0.050
  Offer distribution: {0: 1992, 1: 119, 2: 3779, 3: 46, 4: 64}
Episode 8500	Average Score (last 100): 336.71	Epsilon: 0.050
  Offer distribution: {0: 1462, 1: 458, 2: 3883, 3: 125, 4: 72}
Episode 9000	Average Score (last 100): 311.88	Epsilon: 0.050
  Offer distribution: {0: 1436, 1: 287, 2: 4148, 3: 53, 4: 76}
Episode 9500	Average Score (last 100): 307.83	Epsilon: 0.050
  Offer distribution: {0: 1198, 1: 603, 2: 4070, 3: 72, 4: 57}
Episode 10000	Average Score (last 100): 287.76	Epsilon: 0.050
  Offer distribution: {0: 1649, 1: 235, 2: 3542, 3: 507, 4: 67}
Training completed!
Balanced model saved as dqn_customer_agent_balanced.pth
Training completed. Running analysis...
DQNAgent initialized: state_size=5, action_size=5
Hyperparameters: gamma=0.99, lr=0.0005, update_every=4
Initializing QNetwork: state_size=5, action_size=5
Initializing QNetwork: state_size=5, action_size=5
ReplayBuffer initialized: size=100000, batch=64
Balanced model loaded successfully!

Testing balanced agent performance on 200 customers...
DQNAgent initialized: state_size=5, action_size=5
Hyperparameters: gamma=0.99, lr=0.0005, update_every=4
Initializing QNetwork: state_size=5, action_size=5
Initializing QNetwork: state_size=5, action_size=5
ReplayBuffer initialized: size=100000, batch=64
Trained model 'dqn_customer_agent_balanced.pth' loaded successfully!

=== STATE-ACTION PREFERENCE ANALYSIS ===

=== STRATEGY PATTERN ANALYSIS ===

Analyzing High-Value Loyal customer:
  Offer distribution: {0: 27, 1: 0, 2: 67, 3: 6, 4: 0}

Analyzing Low-Value Inactive customer:
  Offer distribution: {0: 27, 1: 0, 2: 67, 3: 6, 4: 0}

Analyzing Moderate Customer customer:
  Offer distribution: {0: 27, 1: 0, 2: 67, 3: 6, 4: 0}

Analyzing High Spender Low Loyalty customer:
  Offer distribution: {0: 27, 1: 0, 2: 67, 3: 6, 4: 0}

=== SIMULATING HIGH-VALUE CUSTOMER JOURNEY ===
Step 0: State=[ 0.31943923 66.094345   -1.        ] (Loyalty=0.32, Spend=66, Recency=2.0)
  -> Action: 2 (10% Disc)
  -> Revenue: $0.00, Accepted: False, Loyalty: 0.30
  -> Total Revenue So Far: $0.00

Step 1: State=[ 0.29943922 66.094345    2.        ] (Loyalty=0.30, Spend=66, Recency=3.0)
  -> Action: 2 (10% Disc)
  -> Revenue: $59.48, Accepted: True, Loyalty: 0.36
  -> Total Revenue So Far: $59.48

Step 2: State=[ 0.35943922 66.094345    2.        ] (Loyalty=0.36, Spend=66, Recency=0.0)
  -> Action: 0 (No Offer)
  -> Revenue: $0.00, Accepted: False, Loyalty: 0.34
  -> Total Revenue So Far: $59.48

Step 3: State=[ 0.3394392 66.094345   0.       ] (Loyalty=0.34, Spend=66, Recency=1.0)
  -> Action: 2 (10% Disc)
  -> Revenue: $0.00, Accepted: False, Loyalty: 0.32
  -> Total Revenue So Far: $59.48

Step 4: State=[ 0.31943923 66.094345    2.        ] (Loyalty=0.32, Spend=66, Recency=2.0)
  -> Action: 2 (10% Disc)
  -> Revenue: $0.00, Accepted: False, Loyalty: 0.30
  -> Total Revenue So Far: $59.48

Step 5: State=[ 0.29943922 66.094345    2.        ] (Loyalty=0.30, Spend=66, Recency=3.0)
  -> Action: 2 (10% Disc)
  -> Revenue: $59.48, Accepted: True, Loyalty: 0.36
  -> Total Revenue So Far: $118.97

Step 6: State=[ 0.35943922 66.094345    2.        ] (Loyalty=0.36, Spend=66, Recency=0.0)
  -> Action: 0 (No Offer)
  -> Revenue: $0.00, Accepted: False, Loyalty: 0.34
  -> Total Revenue So Far: $118.97

Step 7: State=[ 0.3394392 66.094345   0.       ] (Loyalty=0.34, Spend=66, Recency=1.0)
  -> Action: 2 (10% Disc)
  -> Revenue: $59.48, Accepted: True, Loyalty: 0.40
  -> Total Revenue So Far: $178.45

Step 8: State=[ 0.39943922 66.094345    2.        ] (Loyalty=0.40, Spend=66, Recency=0.0)
  -> Action: 0 (No Offer)
  -> Revenue: $0.00, Accepted: False, Loyalty: 0.38
  -> Total Revenue So Far: $178.45

Step 9: State=[ 0.37943923 66.094345    0.        ] (Loyalty=0.38, Spend=66, Recency=1.0)
  -> Action: 2 (10% Disc)
  -> Revenue: $0.00, Accepted: False, Loyalty: 0.36
  -> Total Revenue So Far: $178.45

Step 10: State=[ 0.35943922 66.094345    2.        ] (Loyalty=0.36, Spend=66, Recency=2.0)
  -> Action: 2 (10% Disc)
  -> Revenue: $0.00, Accepted: False, Loyalty: 0.34
  -> Total Revenue So Far: $178.45

Step 11: State=[ 0.3394392 66.094345   2.       ] (Loyalty=0.34, Spend=66, Recency=3.0)
  -> Action: 2 (10% Disc)
  -> Revenue: $0.00, Accepted: False, Loyalty: 0.32
  -> Total Revenue So Far: $178.45


=== SIMULATING LOW-VALUE CUSTOMER JOURNEY ===
Step 0: State=[ 0.31943923 66.094345   -1.        ] (Loyalty=0.32, Spend=66, Recency=2.0)
  -> Action: 2 (10% Disc)
  -> Revenue: $0.00, Accepted: False, Loyalty: 0.30
  -> Total Revenue So Far: $0.00

Step 1: State=[ 0.29943922 66.094345    2.        ] (Loyalty=0.30, Spend=66, Recency=3.0)
  -> Action: 2 (10% Disc)
  -> Revenue: $59.48, Accepted: True, Loyalty: 0.36
  -> Total Revenue So Far: $59.48

Step 2: State=[ 0.35943922 66.094345    2.        ] (Loyalty=0.36, Spend=66, Recency=0.0)
  -> Action: 0 (No Offer)
  -> Revenue: $0.00, Accepted: False, Loyalty: 0.34
  -> Total Revenue So Far: $59.48

Step 3: State=[ 0.3394392 66.094345   0.       ] (Loyalty=0.34, Spend=66, Recency=1.0)
  -> Action: 2 (10% Disc)
  -> Revenue: $0.00, Accepted: False, Loyalty: 0.32
  -> Total Revenue So Far: $59.48

Step 4: State=[ 0.31943923 66.094345    2.        ] (Loyalty=0.32, Spend=66, Recency=2.0)
  -> Action: 2 (10% Disc)
  -> Revenue: $0.00, Accepted: False, Loyalty: 0.30
  -> Total Revenue So Far: $59.48

Step 5: State=[ 0.29943922 66.094345    2.        ] (Loyalty=0.30, Spend=66, Recency=3.0)
  -> Action: 2 (10% Disc)
  -> Revenue: $59.48, Accepted: True, Loyalty: 0.36
  -> Total Revenue So Far: $118.97

Step 6: State=[ 0.35943922 66.094345    2.        ] (Loyalty=0.36, Spend=66, Recency=0.0)
  -> Action: 0 (No Offer)
  -> Revenue: $0.00, Accepted: False, Loyalty: 0.34
  -> Total Revenue So Far: $118.97

Step 7: State=[ 0.3394392 66.094345   0.       ] (Loyalty=0.34, Spend=66, Recency=1.0)
  -> Action: 2 (10% Disc)
  -> Revenue: $59.48, Accepted: True, Loyalty: 0.40
  -> Total Revenue So Far: $178.45

Step 8: State=[ 0.39943922 66.094345    2.        ] (Loyalty=0.40, Spend=66, Recency=0.0)
  -> Action: 0 (No Offer)
  -> Revenue: $0.00, Accepted: False, Loyalty: 0.38
  -> Total Revenue So Far: $178.45

Step 9: State=[ 0.37943923 66.094345    0.        ] (Loyalty=0.38, Spend=66, Recency=1.0)
  -> Action: 2 (10% Disc)
  -> Revenue: $0.00, Accepted: False, Loyalty: 0.36
  -> Total Revenue So Far: $178.45

Step 10: State=[ 0.35943922 66.094345    2.        ] (Loyalty=0.36, Spend=66, Recency=2.0)
  -> Action: 2 (10% Disc)
  -> Revenue: $0.00, Accepted: False, Loyalty: 0.34
  -> Total Revenue So Far: $178.45

Step 11: State=[ 0.3394392 66.094345   2.       ] (Loyalty=0.34, Spend=66, Recency=3.0)
  -> Action: 2 (10% Disc)
  -> Revenue: $0.00, Accepted: False, Loyalty: 0.32
  -> Total Revenue So Far: $178.45


=== SIMULATING MODERATE CUSTOMER - RECENTLY REJECTED JOURNEY ===
Step 0: State=[ 0.31943923 66.094345   -1.        ] (Loyalty=0.32, Spend=66, Recency=2.0)
  -> Action: 2 (10% Disc)
  -> Revenue: $0.00, Accepted: False, Loyalty: 0.30
  -> Total Revenue So Far: $0.00

Step 1: State=[ 0.29943922 66.094345    2.        ] (Loyalty=0.30, Spend=66, Recency=3.0)
  -> Action: 2 (10% Disc)
  -> Revenue: $59.48, Accepted: True, Loyalty: 0.36
  -> Total Revenue So Far: $59.48

Step 2: State=[ 0.35943922 66.094345    2.        ] (Loyalty=0.36, Spend=66, Recency=0.0)
  -> Action: 0 (No Offer)
  -> Revenue: $0.00, Accepted: False, Loyalty: 0.34
  -> Total Revenue So Far: $59.48

Step 3: State=[ 0.3394392 66.094345   0.       ] (Loyalty=0.34, Spend=66, Recency=1.0)
  -> Action: 2 (10% Disc)
  -> Revenue: $0.00, Accepted: False, Loyalty: 0.32
  -> Total Revenue So Far: $59.48

Step 4: State=[ 0.31943923 66.094345    2.        ] (Loyalty=0.32, Spend=66, Recency=2.0)
  -> Action: 2 (10% Disc)
  -> Revenue: $0.00, Accepted: False, Loyalty: 0.30
  -> Total Revenue So Far: $59.48

Step 5: State=[ 0.29943922 66.094345    2.        ] (Loyalty=0.30, Spend=66, Recency=3.0)
  -> Action: 2 (10% Disc)
  -> Revenue: $59.48, Accepted: True, Loyalty: 0.36
  -> Total Revenue So Far: $118.97

Step 6: State=[ 0.35943922 66.094345    2.        ] (Loyalty=0.36, Spend=66, Recency=0.0)
  -> Action: 0 (No Offer)
  -> Revenue: $0.00, Accepted: False, Loyalty: 0.34
  -> Total Revenue So Far: $118.97

Step 7: State=[ 0.3394392 66.094345   0.       ] (Loyalty=0.34, Spend=66, Recency=1.0)
  -> Action: 2 (10% Disc)
  -> Revenue: $59.48, Accepted: True, Loyalty: 0.40
  -> Total Revenue So Far: $178.45

Step 8: State=[ 0.39943922 66.094345    2.        ] (Loyalty=0.40, Spend=66, Recency=0.0)
  -> Action: 0 (No Offer)
  -> Revenue: $0.00, Accepted: False, Loyalty: 0.38
  -> Total Revenue So Far: $178.45

Step 9: State=[ 0.37943923 66.094345    0.        ] (Loyalty=0.38, Spend=66, Recency=1.0)
  -> Action: 2 (10% Disc)
  -> Revenue: $0.00, Accepted: False, Loyalty: 0.36
  -> Total Revenue So Far: $178.45

Step 10: State=[ 0.35943922 66.094345    2.        ] (Loyalty=0.36, Spend=66, Recency=2.0)
  -> Action: 2 (10% Disc)
  -> Revenue: $0.00, Accepted: False, Loyalty: 0.34
  -> Total Revenue So Far: $178.45

Step 11: State=[ 0.3394392 66.094345   2.       ] (Loyalty=0.34, Spend=66, Recency=3.0)
  -> Action: 2 (10% Disc)
  -> Revenue: $0.00, Accepted: False, Loyalty: 0.32
  -> Total Revenue So Far: $178.45

All analysis completed!
