Starting extended training with 10,000 episodes...
Starting improved DQN training with 10000 episodes...
Environment: state_size=5, action_size=5
DQNAgent initialized: state_size=5, action_size=5
Hyperparameters: gamma=0.95, lr=0.001, update_every=2
Initializing QNetwork: state_size=5, action_size=5
Initializing QNetwork: state_size=5, action_size=5
ReplayBuffer initialized: size=100000, batch=64
Starting training loop...
Episode 100	Average Score (last 100): 282.52	Epsilon: 0.606
Episode 200	Average Score (last 100): 341.34	Epsilon: 0.367
Episode 300	Average Score (last 100): 352.21	Epsilon: 0.222
Episode 400	Average Score (last 100): 353.21	Epsilon: 0.135
Episode 500	Average Score (last 100): 390.01	Epsilon: 0.082
Episode 600	Average Score (last 100): 335.03	Epsilon: 0.049
Episode 700	Average Score (last 100): 371.69	Epsilon: 0.030
Episode 800	Average Score (last 100): 344.27	Epsilon: 0.018
Episode 900	Average Score (last 100): 324.28	Epsilon: 0.011
Episode 1000	Average Score (last 100): 365.50	Epsilon: 0.010
Episode 1100	Average Score (last 100): 372.00	Epsilon: 0.010
Episode 1200	Average Score (last 100): 368.80	Epsilon: 0.010
Episode 1300	Average Score (last 100): 360.14	Epsilon: 0.010
Episode 1400	Average Score (last 100): 348.86	Epsilon: 0.010
Episode 1500	Average Score (last 100): 383.69	Epsilon: 0.010
Episode 1600	Average Score (last 100): 334.61	Epsilon: 0.010
Episode 1700	Average Score (last 100): 359.94	Epsilon: 0.010
Episode 1800	Average Score (last 100): 377.53	Epsilon: 0.010
Episode 1900	Average Score (last 100): 320.42	Epsilon: 0.010
Episode 2000	Average Score (last 100): 383.19	Epsilon: 0.010
Episode 2100	Average Score (last 100): 354.87	Epsilon: 0.010
Episode 2200	Average Score (last 100): 305.65	Epsilon: 0.010
Episode 2300	Average Score (last 100): 348.83	Epsilon: 0.010
Episode 2400	Average Score (last 100): 347.64	Epsilon: 0.010
Episode 2500	Average Score (last 100): 297.46	Epsilon: 0.010
Episode 2600	Average Score (last 100): 321.51	Epsilon: 0.010
Episode 2700	Average Score (last 100): 352.26	Epsilon: 0.010
Episode 2800	Average Score (last 100): 345.80	Epsilon: 0.010
Episode 2900	Average Score (last 100): 293.73	Epsilon: 0.010
Episode 3000	Average Score (last 100): 336.75	Epsilon: 0.010
Episode 3100	Average Score (last 100): 363.52	Epsilon: 0.010
Episode 3200	Average Score (last 100): 322.24	Epsilon: 0.010
Episode 3300	Average Score (last 100): 342.32	Epsilon: 0.010
Episode 3400	Average Score (last 100): 368.46	Epsilon: 0.010
Episode 3500	Average Score (last 100): 361.15	Epsilon: 0.010
Episode 3600	Average Score (last 100): 367.65	Epsilon: 0.010
Episode 3700	Average Score (last 100): 322.91	Epsilon: 0.010
Episode 3800	Average Score (last 100): 360.46	Epsilon: 0.010
Episode 3900	Average Score (last 100): 334.17	Epsilon: 0.010
Episode 4000	Average Score (last 100): 345.62	Epsilon: 0.010
Episode 4100	Average Score (last 100): 332.81	Epsilon: 0.010
Episode 4200	Average Score (last 100): 366.56	Epsilon: 0.010
Episode 4300	Average Score (last 100): 369.30	Epsilon: 0.010
Episode 4400	Average Score (last 100): 318.21	Epsilon: 0.010
Episode 4500	Average Score (last 100): 375.92	Epsilon: 0.010
Episode 4600	Average Score (last 100): 343.33	Epsilon: 0.010
Episode 4700	Average Score (last 100): 335.03	Epsilon: 0.010
Episode 4800	Average Score (last 100): 384.54	Epsilon: 0.010
Episode 4900	Average Score (last 100): 328.40	Epsilon: 0.010
Episode 5000	Average Score (last 100): 332.00	Epsilon: 0.010
Episode 5100	Average Score (last 100): 333.76	Epsilon: 0.010
Episode 5200	Average Score (last 100): 356.04	Epsilon: 0.010
Episode 5300	Average Score (last 100): 347.61	Epsilon: 0.010
Episode 5400	Average Score (last 100): 351.91	Epsilon: 0.010
Episode 5500	Average Score (last 100): 375.87	Epsilon: 0.010
Episode 5600	Average Score (last 100): 350.14	Epsilon: 0.010
Episode 5700	Average Score (last 100): 362.60	Epsilon: 0.010
Episode 5800	Average Score (last 100): 331.02	Epsilon: 0.010
Episode 5900	Average Score (last 100): 313.51	Epsilon: 0.010
Episode 6000	Average Score (last 100): 323.32	Epsilon: 0.010
Episode 6100	Average Score (last 100): 315.93	Epsilon: 0.010
Episode 6200	Average Score (last 100): 350.73	Epsilon: 0.010
Episode 6300	Average Score (last 100): 370.67	Epsilon: 0.010
Episode 6400	Average Score (last 100): 339.97	Epsilon: 0.010
Episode 6500	Average Score (last 100): 313.39	Epsilon: 0.010
Episode 6600	Average Score (last 100): 314.61	Epsilon: 0.010
Episode 6700	Average Score (last 100): 375.69	Epsilon: 0.010
Episode 6800	Average Score (last 100): 344.82	Epsilon: 0.010
Episode 6900	Average Score (last 100): 337.17	Epsilon: 0.010
Episode 7000	Average Score (last 100): 361.58	Epsilon: 0.010
Episode 7100	Average Score (last 100): 365.72	Epsilon: 0.010
Episode 7200	Average Score (last 100): 353.62	Epsilon: 0.010
Episode 7300	Average Score (last 100): 354.41	Epsilon: 0.010
Episode 7400	Average Score (last 100): 365.11	Epsilon: 0.010
Episode 7500	Average Score (last 100): 361.73	Epsilon: 0.010
Episode 7600	Average Score (last 100): 314.96	Epsilon: 0.010
Episode 7700	Average Score (last 100): 356.50	Epsilon: 0.010
Episode 7800	Average Score (last 100): 302.36	Epsilon: 0.010
Episode 7900	Average Score (last 100): 374.20	Epsilon: 0.010
Episode 8000	Average Score (last 100): 338.34	Epsilon: 0.010
Episode 8100	Average Score (last 100): 351.81	Epsilon: 0.010
Episode 8200	Average Score (last 100): 347.77	Epsilon: 0.010
Episode 8300	Average Score (last 100): 358.22	Epsilon: 0.010
Episode 8400	Average Score (last 100): 380.54	Epsilon: 0.010
Episode 8500	Average Score (last 100): 356.78	Epsilon: 0.010
Episode 8600	Average Score (last 100): 375.94	Epsilon: 0.010
Episode 8700	Average Score (last 100): 361.88	Epsilon: 0.010
Episode 8800	Average Score (last 100): 373.63	Epsilon: 0.010
Episode 8900	Average Score (last 100): 370.58	Epsilon: 0.010
Episode 9000	Average Score (last 100): 328.44	Epsilon: 0.010
Episode 9100	Average Score (last 100): 342.43	Epsilon: 0.010
Episode 9200	Average Score (last 100): 305.71	Epsilon: 0.010
Episode 9300	Average Score (last 100): 343.16	Epsilon: 0.010
Episode 9400	Average Score (last 100): 357.65	Epsilon: 0.010
Episode 9500	Average Score (last 100): 330.99	Epsilon: 0.010
Episode 9600	Average Score (last 100): 358.84	Epsilon: 0.010
Episode 9700	Average Score (last 100): 354.40	Epsilon: 0.010
Episode 9800	Average Score (last 100): 330.78	Epsilon: 0.010
Episode 9900	Average Score (last 100): 335.60	Epsilon: 0.010
Episode 10000	Average Score (last 100): 357.88	Epsilon: 0.010
Training completed!
Improved model saved as dqn_customer_agent_improved.pth
Training completed. Running analysis...
DQNAgent initialized: state_size=5, action_size=5
Hyperparameters: gamma=0.99, lr=0.0005, update_every=4
Initializing QNetwork: state_size=5, action_size=5
Initializing QNetwork: state_size=5, action_size=5
ReplayBuffer initialized: size=100000, batch=64
Improved model loaded successfully!

Testing improved agent performance on 200 customers...

=== IMPROVED PERFORMANCE SUMMARY ===
Average Revenue per Customer: $356.22
Average Acceptance Rate: 0.515
Total Offers Made: 2400
Offer Distribution (counts): {0: 30, 1: 61, 2: 2239, 3: 70, 4: 0}
No Offer: 1.2%
5% Disc: 2.5%
10% Disc: 93.3%
BOGO: 2.9%
Premium: 0.0%
DQNAgent initialized: state_size=5, action_size=5
Hyperparameters: gamma=0.99, lr=0.0005, update_every=4
Initializing QNetwork: state_size=5, action_size=5
Initializing QNetwork: state_size=5, action_size=5
ReplayBuffer initialized: size=100000, batch=64
Trained model loaded successfully!

=== STATE-ACTION PREFERENCE ANALYSIS ===

=== SIMULATING HIGH-VALUE CUSTOMER JOURNEY ===
Starting state: [ 0.31943923 66.094345   -1.          0.          2.        ]
Step 0: State=[ 0.31943923 66.094345   -1.        ] (Loyalty=0.32, Spend=66, Recency=2.0)
  -> Action: 3 (BOGO)
  -> Revenue: $0.00, Accepted: False, Loyalty: 0.30
  -> Total Revenue So Far: $0.00

Step 1: State=[ 0.29943922 66.094345    3.        ] (Loyalty=0.30, Spend=66, Recency=3.0)
  -> Action: 3 (BOGO)
  -> Revenue: $39.35, Accepted: True, Loyalty: 0.36
  -> Total Revenue So Far: $39.35

Step 2: State=[ 0.35943922 66.094345    3.        ] (Loyalty=0.36, Spend=66, Recency=0.0)
  -> Action: 3 (BOGO)
  -> Revenue: $0.00, Accepted: False, Loyalty: 0.34
  -> Total Revenue So Far: $39.35

Step 3: State=[ 0.3394392 66.094345   3.       ] (Loyalty=0.34, Spend=66, Recency=1.0)
  -> Action: 3 (BOGO)
  -> Revenue: $0.00, Accepted: False, Loyalty: 0.32
  -> Total Revenue So Far: $39.35

Step 4: State=[ 0.31943923 66.094345    3.        ] (Loyalty=0.32, Spend=66, Recency=2.0)
  -> Action: 3 (BOGO)
  -> Revenue: $0.00, Accepted: False, Loyalty: 0.30
  -> Total Revenue So Far: $39.35

Step 5: State=[ 0.29943922 66.094345    3.        ] (Loyalty=0.30, Spend=66, Recency=3.0)
  -> Action: 3 (BOGO)
  -> Revenue: $39.35, Accepted: True, Loyalty: 0.36
  -> Total Revenue So Far: $78.70

Step 6: State=[ 0.35943922 66.094345    3.        ] (Loyalty=0.36, Spend=66, Recency=0.0)
  -> Action: 3 (BOGO)
  -> Revenue: $39.35, Accepted: True, Loyalty: 0.42
  -> Total Revenue So Far: $118.06

Step 7: State=[ 0.41943923 66.094345    3.        ] (Loyalty=0.42, Spend=66, Recency=0.0)
  -> Action: 3 (BOGO)
  -> Revenue: $39.35, Accepted: True, Loyalty: 0.48
  -> Total Revenue So Far: $157.41

Step 8: State=[ 0.47943923 66.094345    3.        ] (Loyalty=0.48, Spend=66, Recency=0.0)
  -> Action: 3 (BOGO)
  -> Revenue: $0.00, Accepted: False, Loyalty: 0.46
  -> Total Revenue So Far: $157.41

Step 9: State=[ 0.45943922 66.094345    3.        ] (Loyalty=0.46, Spend=66, Recency=1.0)
  -> Action: 3 (BOGO)
  -> Revenue: $39.35, Accepted: True, Loyalty: 0.52
  -> Total Revenue So Far: $196.76

Step 10: State=[ 0.5194392 66.094345   3.       ] (Loyalty=0.52, Spend=66, Recency=0.0)
  -> Action: 3 (BOGO)
  -> Revenue: $0.00, Accepted: False, Loyalty: 0.50
  -> Total Revenue So Far: $196.76

Step 11: State=[ 0.4994392 66.094345   3.       ] (Loyalty=0.50, Spend=66, Recency=1.0)
  -> Action: 3 (BOGO)
  -> Revenue: $39.35, Accepted: True, Loyalty: 0.56
  -> Total Revenue So Far: $236.11


=== SIMULATING LOW-VALUE CUSTOMER JOURNEY ===
Starting state: [ 0.31943923 66.094345   -1.          0.          2.        ]
Step 0: State=[ 0.31943923 66.094345   -1.        ] (Loyalty=0.32, Spend=66, Recency=2.0)
  -> Action: 3 (BOGO)
  -> Revenue: $0.00, Accepted: False, Loyalty: 0.30
  -> Total Revenue So Far: $0.00

Step 1: State=[ 0.29943922 66.094345    3.        ] (Loyalty=0.30, Spend=66, Recency=3.0)
  -> Action: 3 (BOGO)
  -> Revenue: $39.35, Accepted: True, Loyalty: 0.36
  -> Total Revenue So Far: $39.35

Step 2: State=[ 0.35943922 66.094345    3.        ] (Loyalty=0.36, Spend=66, Recency=0.0)
  -> Action: 3 (BOGO)
  -> Revenue: $0.00, Accepted: False, Loyalty: 0.34
  -> Total Revenue So Far: $39.35

Step 3: State=[ 0.3394392 66.094345   3.       ] (Loyalty=0.34, Spend=66, Recency=1.0)
  -> Action: 3 (BOGO)
  -> Revenue: $0.00, Accepted: False, Loyalty: 0.32
  -> Total Revenue So Far: $39.35

Step 4: State=[ 0.31943923 66.094345    3.        ] (Loyalty=0.32, Spend=66, Recency=2.0)
  -> Action: 3 (BOGO)
  -> Revenue: $0.00, Accepted: False, Loyalty: 0.30
  -> Total Revenue So Far: $39.35

Step 5: State=[ 0.29943922 66.094345    3.        ] (Loyalty=0.30, Spend=66, Recency=3.0)
  -> Action: 3 (BOGO)
  -> Revenue: $39.35, Accepted: True, Loyalty: 0.36
  -> Total Revenue So Far: $78.70

Step 6: State=[ 0.35943922 66.094345    3.        ] (Loyalty=0.36, Spend=66, Recency=0.0)
  -> Action: 3 (BOGO)
  -> Revenue: $39.35, Accepted: True, Loyalty: 0.42
  -> Total Revenue So Far: $118.06

Step 7: State=[ 0.41943923 66.094345    3.        ] (Loyalty=0.42, Spend=66, Recency=0.0)
  -> Action: 3 (BOGO)
  -> Revenue: $39.35, Accepted: True, Loyalty: 0.48
  -> Total Revenue So Far: $157.41

Step 8: State=[ 0.47943923 66.094345    3.        ] (Loyalty=0.48, Spend=66, Recency=0.0)
  -> Action: 3 (BOGO)
  -> Revenue: $0.00, Accepted: False, Loyalty: 0.46
  -> Total Revenue So Far: $157.41

Step 9: State=[ 0.45943922 66.094345    3.        ] (Loyalty=0.46, Spend=66, Recency=1.0)
  -> Action: 3 (BOGO)
  -> Revenue: $39.35, Accepted: True, Loyalty: 0.52
  -> Total Revenue So Far: $196.76

Step 10: State=[ 0.5194392 66.094345   3.       ] (Loyalty=0.52, Spend=66, Recency=0.0)
  -> Action: 3 (BOGO)
  -> Revenue: $0.00, Accepted: False, Loyalty: 0.50
  -> Total Revenue So Far: $196.76

Step 11: State=[ 0.4994392 66.094345   3.       ] (Loyalty=0.50, Spend=66, Recency=1.0)
  -> Action: 3 (BOGO)
  -> Revenue: $39.35, Accepted: True, Loyalty: 0.56
  -> Total Revenue So Far: $236.11


=== SIMULATING MODERATE CUSTOMER - RECENTLY REJECTED JOURNEY ===
Starting state: [ 0.31943923 66.094345   -1.          0.          2.        ]
Step 0: State=[ 0.31943923 66.094345   -1.        ] (Loyalty=0.32, Spend=66, Recency=2.0)
  -> Action: 3 (BOGO)
  -> Revenue: $0.00, Accepted: False, Loyalty: 0.30
  -> Total Revenue So Far: $0.00

Step 1: State=[ 0.29943922 66.094345    3.        ] (Loyalty=0.30, Spend=66, Recency=3.0)
  -> Action: 3 (BOGO)
  -> Revenue: $39.35, Accepted: True, Loyalty: 0.36
  -> Total Revenue So Far: $39.35

Step 2: State=[ 0.35943922 66.094345    3.        ] (Loyalty=0.36, Spend=66, Recency=0.0)
  -> Action: 3 (BOGO)
  -> Revenue: $0.00, Accepted: False, Loyalty: 0.34
  -> Total Revenue So Far: $39.35

Step 3: State=[ 0.3394392 66.094345   3.       ] (Loyalty=0.34, Spend=66, Recency=1.0)
  -> Action: 3 (BOGO)
  -> Revenue: $0.00, Accepted: False, Loyalty: 0.32
  -> Total Revenue So Far: $39.35

Step 4: State=[ 0.31943923 66.094345    3.        ] (Loyalty=0.32, Spend=66, Recency=2.0)
  -> Action: 3 (BOGO)
  -> Revenue: $0.00, Accepted: False, Loyalty: 0.30
  -> Total Revenue So Far: $39.35

Step 5: State=[ 0.29943922 66.094345    3.        ] (Loyalty=0.30, Spend=66, Recency=3.0)
  -> Action: 3 (BOGO)
  -> Revenue: $39.35, Accepted: True, Loyalty: 0.36
  -> Total Revenue So Far: $78.70

Step 6: State=[ 0.35943922 66.094345    3.        ] (Loyalty=0.36, Spend=66, Recency=0.0)
  -> Action: 3 (BOGO)
  -> Revenue: $39.35, Accepted: True, Loyalty: 0.42
  -> Total Revenue So Far: $118.06

Step 7: State=[ 0.41943923 66.094345    3.        ] (Loyalty=0.42, Spend=66, Recency=0.0)
  -> Action: 3 (BOGO)
  -> Revenue: $39.35, Accepted: True, Loyalty: 0.48
  -> Total Revenue So Far: $157.41

Step 8: State=[ 0.47943923 66.094345    3.        ] (Loyalty=0.48, Spend=66, Recency=0.0)
  -> Action: 3 (BOGO)
  -> Revenue: $0.00, Accepted: False, Loyalty: 0.46
  -> Total Revenue So Far: $157.41

Step 9: State=[ 0.45943922 66.094345    3.        ] (Loyalty=0.46, Spend=66, Recency=1.0)
  -> Action: 3 (BOGO)
  -> Revenue: $39.35, Accepted: True, Loyalty: 0.52
  -> Total Revenue So Far: $196.76

Step 10: State=[ 0.5194392 66.094345   3.       ] (Loyalty=0.52, Spend=66, Recency=0.0)
  -> Action: 3 (BOGO)
  -> Revenue: $0.00, Accepted: False, Loyalty: 0.50
  -> Total Revenue So Far: $196.76

Step 11: State=[ 0.4994392 66.094345   3.       ] (Loyalty=0.50, Spend=66, Recency=1.0)
  -> Action: 3 (BOGO)
  -> Revenue: $39.35, Accepted: True, Loyalty: 0.56
  -> Total Revenue So Far: $236.11

All analysis completed!
