Starting extended training with 10,000 episodes...
DQNAgent initialized: state_size=5, action_size=5
Hyperparameters: gamma=0.99, lr=0.0005, update_every=4
Initializing QNetwork: state_size=5, action_size=5
Initializing QNetwork: state_size=5, action_size=5
ReplayBuffer initialized: size=100000, batch=64
Cafe recommendation model loaded successfully!

================================================================================
DETAILED CUSTOMER JOURNEY ANALYSIS
================================================================================

High-Loyalty Customer Journey:
Step | Action | Accepted | Revenue | Loyalty | Recency
-------------------------------------------------------
   0 |      3 | True     |   40.18 |    0.46 |       0
   1 |      4 | False    |    0.00 |    0.44 |       1
   2 |      2 | True     |   48.22 |    0.50 |       0
   3 |      4 | True     |   41.81 |    0.56 |       0
   4 |      4 | False    |    0.00 |    0.54 |       1
   5 |      2 | False    |    0.00 |    0.52 |       2
   6 |      2 | False    |    0.00 |    0.50 |       3
   7 |      2 | False    |    0.00 |    0.48 |       4
   8 |      2 | True     |   48.22 |    0.54 |       0
   9 |      4 | True     |   42.21 |    0.60 |       0
  10 |      4 | False    |    0.00 |    0.58 |       1
  11 |      4 | False    |    0.00 |    0.56 |       2
-------------------------------------------------------
Total Revenue: $220.63
Final Loyalty: 0.56
Customer Type: LOYAL

Low-Loyalty Customer Journey:
Step | Action | Accepted | Revenue | Loyalty | Recency
-------------------------------------------------------
   0 |      3 | True     |   40.18 |    0.46 |       0
   1 |      4 | False    |    0.00 |    0.44 |       1
   2 |      2 | True     |   48.22 |    0.50 |       0
   3 |      4 | True     |   41.81 |    0.56 |       0
   4 |      4 | False    |    0.00 |    0.54 |       1
   5 |      2 | False    |    0.00 |    0.52 |       2
   6 |      2 | False    |    0.00 |    0.50 |       3
   7 |      2 | False    |    0.00 |    0.48 |       4
   8 |      2 | True     |   48.22 |    0.54 |       0
   9 |      4 | True     |   42.21 |    0.60 |       0
  10 |      4 | False    |    0.00 |    0.58 |       1
  11 |      4 | False    |    0.00 |    0.56 |       2
-------------------------------------------------------
Total Revenue: $220.63
Final Loyalty: 0.56
Customer Type: LOYAL

Medium-Loyalty Customer Journey:
Step | Action | Accepted | Revenue | Loyalty | Recency
-------------------------------------------------------
   0 |      3 | True     |   40.18 |    0.46 |       0
   1 |      4 | False    |    0.00 |    0.44 |       1
   2 |      2 | True     |   48.22 |    0.50 |       0
   3 |      4 | True     |   41.81 |    0.56 |       0
   4 |      4 | False    |    0.00 |    0.54 |       1
   5 |      2 | False    |    0.00 |    0.52 |       2
   6 |      2 | False    |    0.00 |    0.50 |       3
   7 |      2 | False    |    0.00 |    0.48 |       4
   8 |      2 | True     |   48.22 |    0.54 |       0
   9 |      4 | True     |   42.21 |    0.60 |       0
  10 |      4 | False    |    0.00 |    0.58 |       1
  11 |      4 | False    |    0.00 |    0.56 |       2
-------------------------------------------------------
Total Revenue: $220.63
Final Loyalty: 0.56
Customer Type: LOYAL

Analyzing cafe system performance on 10000 customers...
Loyalty threshold: 0.5

ANALYSIS PLOTS SAVED AS: cafe_system_analysis.png

================================================================================
COMPREHENSIVE SYSTEM ANALYSIS
================================================================================

BASIC STATISTICS:
Total customers analyzed: 10000
Total revenue generated: $3513978.17
Average revenue per customer: $351.40

CUSTOMER CLASSIFICATION:
Loyal customers (loyalty > 0.5): 7192 (71.9%)
Not loyal customers: 2808 (28.1%)

REVENUE BY CUSTOMER TYPE:
Average revenue - Loyal customers: $403.41
Average revenue - Not loyal customers: $218.19
Revenue gap: $185.21

OFFER USAGE ANALYSIS:
No Offer    :    6 uses |   3 accepted |  50.0% rate
5% Disc     : 1712 uses | 475 accepted |  27.7% rate
10% Disc    : 47312 uses | 24508 accepted |  51.8% rate
BOGO        : 27318 uses | 16069 accepted |  58.8% rate
Premium     : 43652 uses | 25140 accepted |  57.6% rate

CAFE BUSINESS INSIGHTS:
Average monthly spending per customer: $351.40
Average daily spending per customer: $29.28
Potential monthly revenue from 10000 customers: $3513978.17
Revenue per loyal customer: $403.41
Revenue per not loyal customer: $218.19
All analysis completed!
